<?xml version="1.0" encoding="UTF-8"?>
<!-- Generated by org.testng.reporters.JUnitXMLReporter -->
<testsuite hostname="Ashish-PC" ignored="0" name="Free CRM App Test cases" tests="11" failures="0" timestamp="16 Sep 2019 10:18:59 GMT" time="282.452" errors="0">
  <testcase name="@BeforeMethod setupmethod" time="27.712" classname="com.freecrm.qa.test.Companytest">
    <failure type="org.openqa.selenium.TimeoutException" message="timeout
  (Session info: chrome=76.0.3809.132)
  (Driver info: chromedriver=72.0.3626.69 (3c16f8a135abc0d4da2dff33804db79b849a7c38),platform=Windows NT 6.1.7601 SP1 x86_64) (WARNING: The server did not provide any stacktrace information)
Command duration or timeout: 0 milliseconds
Build info: version: &amp;apos;3.14.0&amp;apos;, revision: &amp;apos;aacccce0&amp;apos;, time: &amp;apos;2018-08-02T20:19:58.91Z&amp;apos;
System info: host: &amp;apos;ASHISH-PC&amp;apos;, ip: &amp;apos;192.168.43.147&amp;apos;, os.name: &amp;apos;Windows 7&amp;apos;, os.arch: &amp;apos;amd64&amp;apos;, os.version: &amp;apos;6.1&amp;apos;, java.version: &amp;apos;1.8.0_181&amp;apos;
Driver info: org.openqa.selenium.chrome.ChromeDriver
Capabilities {acceptInsecureCerts: false, acceptSslCerts: false, applicationCacheEnabled: false, browserConnectionEnabled: false, browserName: chrome, chrome: {chromedriverVersion: 72.0.3626.69 (3c16f8a135abc..., userDataDir: C:\Users\Ashish\AppData\Loc...}, cssSelectorsEnabled: true, databaseEnabled: false, goog:chromeOptions: {debuggerAddress: localhost:51099}, handlesAlerts: true, hasTouchScreen: false, javascriptEnabled: true, locationContextEnabled: true, mobileEmulationEnabled: false, nativeEvents: true, networkConnectionEnabled: false, pageLoadStrategy: normal, platform: XP, platformName: XP, proxy: Proxy(), rotatable: false, setWindowRect: true, takesHeapSnapshot: true, takesScreenshot: true, timeouts: {implicit: 0, pageLoad: 300000, script: 30000}, unexpectedAlertBehaviour: ignore, unhandledPromptBehavior: ignore, version: 76.0.3809.132, webStorageEnabled: true}
Session ID: e0cb7b53e597c13919875fdeffd4f4b9">
      <![CDATA[org.openqa.selenium.TimeoutException: timeout
  (Session info: chrome=76.0.3809.132)
  (Driver info: chromedriver=72.0.3626.69 (3c16f8a135abc0d4da2dff33804db79b849a7c38),platform=Windows NT 6.1.7601 SP1 x86_64) (WARNING: The server did not provide any stacktrace information)
Command duration or timeout: 0 milliseconds
Build info: version: '3.14.0', revision: 'aacccce0', time: '2018-08-02T20:19:58.91Z'
System info: host: 'ASHISH-PC', ip: '192.168.43.147', os.name: 'Windows 7', os.arch: 'amd64', os.version: '6.1', java.version: '1.8.0_181'
Driver info: org.openqa.selenium.chrome.ChromeDriver
Capabilities {acceptInsecureCerts: false, acceptSslCerts: false, applicationCacheEnabled: false, browserConnectionEnabled: false, browserName: chrome, chrome: {chromedriverVersion: 72.0.3626.69 (3c16f8a135abc..., userDataDir: C:\Users\Ashish\AppData\Loc...}, cssSelectorsEnabled: true, databaseEnabled: false, goog:chromeOptions: {debuggerAddress: localhost:51099}, handlesAlerts: true, hasTouchScreen: false, javascriptEnabled: true, locationContextEnabled: true, mobileEmulationEnabled: false, nativeEvents: true, networkConnectionEnabled: false, pageLoadStrategy: normal, platform: XP, platformName: XP, proxy: Proxy(), rotatable: false, setWindowRect: true, takesHeapSnapshot: true, takesScreenshot: true, timeouts: {implicit: 0, pageLoad: 300000, script: 30000}, unexpectedAlertBehaviour: ignore, unhandledPromptBehavior: ignore, version: 76.0.3809.132, webStorageEnabled: true}
Session ID: e0cb7b53e597c13919875fdeffd4f4b9
	at org.openqa.selenium.remote.ErrorHandler.createThrowable(ErrorHandler.java:214)
	at org.openqa.selenium.remote.ErrorHandler.throwIfResponseFailed(ErrorHandler.java:166)
	at org.openqa.selenium.remote.http.JsonHttpResponseCodec.reconstructValue(JsonHttpResponseCodec.java:40)
	at org.openqa.selenium.remote.http.AbstractHttpResponseCodec.decode(AbstractHttpResponseCodec.java:80)
	at org.openqa.selenium.remote.http.AbstractHttpResponseCodec.decode(AbstractHttpResponseCodec.java:44)
	at org.openqa.selenium.remote.HttpCommandExecutor.execute(HttpCommandExecutor.java:158)
	at org.openqa.selenium.remote.service.DriverCommandExecutor.execute(DriverCommandExecutor.java:83)
	at org.openqa.selenium.remote.RemoteWebDriver.execute(RemoteWebDriver.java:548)
	at org.openqa.selenium.remote.RemoteWebDriver.get(RemoteWebDriver.java:276)
	at com.freecrm.qa.base.Testbase.Initialization(Testbase.java:77)
	at com.freecrm.qa.test.Companytest.setupmethod(Companytest.java:31)
... Removed 31 stack frames]]>
    </failure>
  </testcase> <!-- @BeforeMethod setupmethod -->
  <testcase name="@BeforeMethod setupmethod" time="0.0" classname="com.freecrm.qa.test.Companytest">
    <skipped/>
  </testcase> <!-- @BeforeMethod setupmethod -->
  <testcase name="@BeforeMethod setupmethod" time="0.0" classname="com.freecrm.qa.test.Companytest">
    <skipped/>
  </testcase> <!-- @BeforeMethod setupmethod -->
  <testcase name="@BeforeMethod setupmethod" time="0.0" classname="com.freecrm.qa.test.Companytest">
    <skipped/>
  </testcase> <!-- @BeforeMethod setupmethod -->
  <testcase name="verifycompanytest" time="5.877" classname="com.freecrm.qa.test.Companytest"/>
  <testcase name="verifycompanytest" time="7.081" classname="com.freecrm.qa.test.Companytest"/>
  <testcase name="verifycompanytest" time="4.993" classname="com.freecrm.qa.test.Companytest"/>
  <testcase name="verifycompanytest" time="4.483" classname="com.freecrm.qa.test.Companytest"/>
  <testcase name="verifycompanytest" time="4.531" classname="com.freecrm.qa.test.Companytest"/>
  <testcase name="verifycompanytest" time="5.04" classname="com.freecrm.qa.test.Companytest"/>
  <testcase name="verifycompanytest" time="4.69" classname="com.freecrm.qa.test.Companytest"/>
  <testcase name="verifycompanytest" time="0.039" classname="com.freecrm.qa.test.Companytest">
    <skipped/>
  </testcase> <!-- verifycompanytest -->
  <testcase name="verifycompanytest" time="0.0" classname="com.freecrm.qa.test.Companytest">
    <skipped/>
  </testcase> <!-- verifycompanytest -->
  <testcase name="verifycompanytest" time="0.0" classname="com.freecrm.qa.test.Companytest">
    <skipped/>
  </testcase> <!-- verifycompanytest -->
  <testcase name="verifycompanytest" time="0.0" classname="com.freecrm.qa.test.Companytest">
    <skipped/>
  </testcase> <!-- verifycompanytest -->
</testsuite> <!-- Free CRM App Test cases -->
