<?xml version="1.0" encoding="UTF-8"?>
<!-- Generated by org.testng.reporters.JUnitXMLReporter -->
<testsuite hostname="Ashish-PC" ignored="0" name="Free CRM App Test cases" tests="44" failures="0" timestamp="17 Sep 2019 05:03:38 GMT" time="900.028" errors="0">
  <testcase name="@BeforeMethod setupmethod" time="59.77" classname="com.freecrm.qa.test.Companytest">
    <failure type="org.openqa.selenium.TimeoutException" message="timeout
  (Session info: chrome=76.0.3809.132)
  (Driver info: chromedriver=72.0.3626.69 (3c16f8a135abc0d4da2dff33804db79b849a7c38),platform=Windows NT 6.1.7601 SP1 x86_64) (WARNING: The server did not provide any stacktrace information)
Command duration or timeout: 0 milliseconds
Build info: version: &amp;apos;3.14.0&amp;apos;, revision: &amp;apos;aacccce0&amp;apos;, time: &amp;apos;2018-08-02T20:19:58.91Z&amp;apos;
System info: host: &amp;apos;ASHISH-PC&amp;apos;, ip: &amp;apos;192.168.43.147&amp;apos;, os.name: &amp;apos;Windows 7&amp;apos;, os.arch: &amp;apos;amd64&amp;apos;, os.version: &amp;apos;6.1&amp;apos;, java.version: &amp;apos;1.8.0_181&amp;apos;
Driver info: org.openqa.selenium.chrome.ChromeDriver
Capabilities {acceptInsecureCerts: false, acceptSslCerts: false, applicationCacheEnabled: false, browserConnectionEnabled: false, browserName: chrome, chrome: {chromedriverVersion: 72.0.3626.69 (3c16f8a135abc..., userDataDir: C:\Users\Ashish\AppData\Loc...}, cssSelectorsEnabled: true, databaseEnabled: false, goog:chromeOptions: {debuggerAddress: localhost:49807}, handlesAlerts: true, hasTouchScreen: false, javascriptEnabled: true, locationContextEnabled: true, mobileEmulationEnabled: false, nativeEvents: true, networkConnectionEnabled: false, pageLoadStrategy: normal, platform: XP, platformName: XP, proxy: Proxy(), rotatable: false, setWindowRect: true, takesHeapSnapshot: true, takesScreenshot: true, timeouts: {implicit: 0, pageLoad: 300000, script: 30000}, unexpectedAlertBehaviour: ignore, unhandledPromptBehavior: ignore, version: 76.0.3809.132, webStorageEnabled: true}
Session ID: 5174534c81baee1d444a4a3a06b1fa1e">
      <![CDATA[org.openqa.selenium.TimeoutException: timeout
  (Session info: chrome=76.0.3809.132)
  (Driver info: chromedriver=72.0.3626.69 (3c16f8a135abc0d4da2dff33804db79b849a7c38),platform=Windows NT 6.1.7601 SP1 x86_64) (WARNING: The server did not provide any stacktrace information)
Command duration or timeout: 0 milliseconds
Build info: version: '3.14.0', revision: 'aacccce0', time: '2018-08-02T20:19:58.91Z'
System info: host: 'ASHISH-PC', ip: '192.168.43.147', os.name: 'Windows 7', os.arch: 'amd64', os.version: '6.1', java.version: '1.8.0_181'
Driver info: org.openqa.selenium.chrome.ChromeDriver
Capabilities {acceptInsecureCerts: false, acceptSslCerts: false, applicationCacheEnabled: false, browserConnectionEnabled: false, browserName: chrome, chrome: {chromedriverVersion: 72.0.3626.69 (3c16f8a135abc..., userDataDir: C:\Users\Ashish\AppData\Loc...}, cssSelectorsEnabled: true, databaseEnabled: false, goog:chromeOptions: {debuggerAddress: localhost:49807}, handlesAlerts: true, hasTouchScreen: false, javascriptEnabled: true, locationContextEnabled: true, mobileEmulationEnabled: false, nativeEvents: true, networkConnectionEnabled: false, pageLoadStrategy: normal, platform: XP, platformName: XP, proxy: Proxy(), rotatable: false, setWindowRect: true, takesHeapSnapshot: true, takesScreenshot: true, timeouts: {implicit: 0, pageLoad: 300000, script: 30000}, unexpectedAlertBehaviour: ignore, unhandledPromptBehavior: ignore, version: 76.0.3809.132, webStorageEnabled: true}
Session ID: 5174534c81baee1d444a4a3a06b1fa1e
	at org.openqa.selenium.remote.ErrorHandler.createThrowable(ErrorHandler.java:214)
	at org.openqa.selenium.remote.ErrorHandler.throwIfResponseFailed(ErrorHandler.java:166)
	at org.openqa.selenium.remote.http.JsonHttpResponseCodec.reconstructValue(JsonHttpResponseCodec.java:40)
	at org.openqa.selenium.remote.http.AbstractHttpResponseCodec.decode(AbstractHttpResponseCodec.java:80)
	at org.openqa.selenium.remote.http.AbstractHttpResponseCodec.decode(AbstractHttpResponseCodec.java:44)
	at org.openqa.selenium.remote.HttpCommandExecutor.execute(HttpCommandExecutor.java:158)
	at org.openqa.selenium.remote.service.DriverCommandExecutor.execute(DriverCommandExecutor.java:83)
	at org.openqa.selenium.remote.RemoteWebDriver.execute(RemoteWebDriver.java:548)
	at org.openqa.selenium.remote.RemoteWebDriver.get(RemoteWebDriver.java:276)
	at com.freecrm.qa.base.Testbase.Initialization(Testbase.java:77)
	at com.freecrm.qa.test.Companytest.setupmethod(Companytest.java:31)
... Removed 34 stack frames]]>
    </failure>
  </testcase> <!-- @BeforeMethod setupmethod -->
  <testcase name="@BeforeMethod setupmethod" time="0.0" classname="com.freecrm.qa.test.Companytest">
    <skipped/>
  </testcase> <!-- @BeforeMethod setupmethod -->
  <testcase name="@BeforeMethod setupmethod" time="0.0" classname="com.freecrm.qa.test.Companytest">
    <skipped/>
  </testcase> <!-- @BeforeMethod setupmethod -->
  <testcase name="@BeforeMethod setupmethod" time="0.0" classname="com.freecrm.qa.test.Companytest">
    <skipped/>
  </testcase> <!-- @BeforeMethod setupmethod -->
  <testcase name="@BeforeMethod setupmethod" time="0.0" classname="com.freecrm.qa.test.Companytest">
    <skipped/>
  </testcase> <!-- @BeforeMethod setupmethod -->
  <testcase name="@BeforeMethod setupmethod" time="0.0" classname="com.freecrm.qa.test.Companytest">
    <skipped/>
  </testcase> <!-- @BeforeMethod setupmethod -->
  <testcase name="@BeforeMethod setupmethod" time="0.0" classname="com.freecrm.qa.test.Companytest">
    <skipped/>
  </testcase> <!-- @BeforeMethod setupmethod -->
  <testcase name="@BeforeMethod setupmethod" time="0.0" classname="com.freecrm.qa.test.Companytest">
    <skipped/>
  </testcase> <!-- @BeforeMethod setupmethod -->
  <testcase name="@BeforeMethod setupmethod" time="0.0" classname="com.freecrm.qa.test.Companytest">
    <skipped/>
  </testcase> <!-- @BeforeMethod setupmethod -->
  <testcase name="@BeforeMethod setupmethod" time="0.0" classname="com.freecrm.qa.test.Companytest">
    <skipped/>
  </testcase> <!-- @BeforeMethod setupmethod -->
  <testcase name="@BeforeMethod setupmethod" time="0.0" classname="com.freecrm.qa.test.Companytest">
    <skipped/>
  </testcase> <!-- @BeforeMethod setupmethod -->
  <testcase name="@BeforeMethod setup" time="29.454" classname="com.freecrm.qa.test.Homepagetest">
    <failure type="org.openqa.selenium.WebDriverException" message="disconnected: Unable to receive message from renderer
  (Session info: chrome=76.0.3809.132)
  (Driver info: chromedriver=72.0.3626.69 (3c16f8a135abc0d4da2dff33804db79b849a7c38),platform=Windows NT 6.1.7601 SP1 x86_64) (WARNING: The server did not provide any stacktrace information)
Command duration or timeout: 0 milliseconds
Build info: version: &amp;apos;3.14.0&amp;apos;, revision: &amp;apos;aacccce0&amp;apos;, time: &amp;apos;2018-08-02T20:19:58.91Z&amp;apos;
System info: host: &amp;apos;ASHISH-PC&amp;apos;, ip: &amp;apos;192.168.43.147&amp;apos;, os.name: &amp;apos;Windows 7&amp;apos;, os.arch: &amp;apos;amd64&amp;apos;, os.version: &amp;apos;6.1&amp;apos;, java.version: &amp;apos;1.8.0_181&amp;apos;
Driver info: org.openqa.selenium.chrome.ChromeDriver
Capabilities {acceptInsecureCerts: false, acceptSslCerts: false, applicationCacheEnabled: false, browserConnectionEnabled: false, browserName: chrome, chrome: {chromedriverVersion: 72.0.3626.69 (3c16f8a135abc..., userDataDir: C:\Users\Ashish\AppData\Loc...}, cssSelectorsEnabled: true, databaseEnabled: false, goog:chromeOptions: {debuggerAddress: localhost:52013}, handlesAlerts: true, hasTouchScreen: false, javascriptEnabled: true, locationContextEnabled: true, mobileEmulationEnabled: false, nativeEvents: true, networkConnectionEnabled: false, pageLoadStrategy: normal, platform: XP, platformName: XP, proxy: Proxy(), rotatable: false, setWindowRect: true, takesHeapSnapshot: true, takesScreenshot: true, timeouts: {implicit: 0, pageLoad: 300000, script: 30000}, unexpectedAlertBehaviour: ignore, unhandledPromptBehavior: ignore, version: 76.0.3809.132, webStorageEnabled: true}
Session ID: 23b8ba933923e95d4ec951928ff0609a">
      <![CDATA[org.openqa.selenium.WebDriverException: disconnected: Unable to receive message from renderer
  (Session info: chrome=76.0.3809.132)
  (Driver info: chromedriver=72.0.3626.69 (3c16f8a135abc0d4da2dff33804db79b849a7c38),platform=Windows NT 6.1.7601 SP1 x86_64) (WARNING: The server did not provide any stacktrace information)
Command duration or timeout: 0 milliseconds
Build info: version: '3.14.0', revision: 'aacccce0', time: '2018-08-02T20:19:58.91Z'
System info: host: 'ASHISH-PC', ip: '192.168.43.147', os.name: 'Windows 7', os.arch: 'amd64', os.version: '6.1', java.version: '1.8.0_181'
Driver info: org.openqa.selenium.chrome.ChromeDriver
Capabilities {acceptInsecureCerts: false, acceptSslCerts: false, applicationCacheEnabled: false, browserConnectionEnabled: false, browserName: chrome, chrome: {chromedriverVersion: 72.0.3626.69 (3c16f8a135abc..., userDataDir: C:\Users\Ashish\AppData\Loc...}, cssSelectorsEnabled: true, databaseEnabled: false, goog:chromeOptions: {debuggerAddress: localhost:52013}, handlesAlerts: true, hasTouchScreen: false, javascriptEnabled: true, locationContextEnabled: true, mobileEmulationEnabled: false, nativeEvents: true, networkConnectionEnabled: false, pageLoadStrategy: normal, platform: XP, platformName: XP, proxy: Proxy(), rotatable: false, setWindowRect: true, takesHeapSnapshot: true, takesScreenshot: true, timeouts: {implicit: 0, pageLoad: 300000, script: 30000}, unexpectedAlertBehaviour: ignore, unhandledPromptBehavior: ignore, version: 76.0.3809.132, webStorageEnabled: true}
Session ID: 23b8ba933923e95d4ec951928ff0609a
	at org.openqa.selenium.remote.ErrorHandler.createThrowable(ErrorHandler.java:214)
	at org.openqa.selenium.remote.ErrorHandler.throwIfResponseFailed(ErrorHandler.java:166)
	at org.openqa.selenium.remote.http.JsonHttpResponseCodec.reconstructValue(JsonHttpResponseCodec.java:40)
	at org.openqa.selenium.remote.http.AbstractHttpResponseCodec.decode(AbstractHttpResponseCodec.java:80)
	at org.openqa.selenium.remote.http.AbstractHttpResponseCodec.decode(AbstractHttpResponseCodec.java:44)
	at org.openqa.selenium.remote.HttpCommandExecutor.execute(HttpCommandExecutor.java:158)
	at org.openqa.selenium.remote.service.DriverCommandExecutor.execute(DriverCommandExecutor.java:83)
	at org.openqa.selenium.remote.RemoteWebDriver.execute(RemoteWebDriver.java:548)
	at org.openqa.selenium.remote.RemoteWebElement.execute(RemoteWebElement.java:276)
	at org.openqa.selenium.remote.RemoteWebElement.sendKeys(RemoteWebElement.java:100)
	at org.openqa.selenium.support.pagefactory.internal.LocatingElementHandler.invoke(LocatingElementHandler.java:51)
	at com.sun.proxy.$Proxy8.sendKeys(Unknown Source)
	at com.freecrm.qa.pages.Loginpage.login(Loginpage.java:33)
	at com.freecrm.qa.test.Homepagetest.setup(Homepagetest.java:125)
... Removed 36 stack frames]]>
    </failure>
  </testcase> <!-- @BeforeMethod setup -->
  <testcase name="@BeforeMethod setup" time="0.0" classname="com.freecrm.qa.test.Homepagetest">
    <skipped/>
  </testcase> <!-- @BeforeMethod setup -->
  <testcase name="@BeforeMethod setup" time="0.0" classname="com.freecrm.qa.test.Homepagetest">
    <skipped/>
  </testcase> <!-- @BeforeMethod setup -->
  <testcase name="@BeforeMethod setup" time="0.0" classname="com.freecrm.qa.test.Homepagetest">
    <skipped/>
  </testcase> <!-- @BeforeMethod setup -->
  <testcase name="@BeforeMethod setup" time="0.0" classname="com.freecrm.qa.test.Homepagetest">
    <skipped/>
  </testcase> <!-- @BeforeMethod setup -->
  <testcase name="@BeforeMethod setup" time="0.0" classname="com.freecrm.qa.test.Homepagetest">
    <skipped/>
  </testcase> <!-- @BeforeMethod setup -->
  <testcase name="@BeforeMethod setup" time="0.0" classname="com.freecrm.qa.test.Homepagetest">
    <skipped/>
  </testcase> <!-- @BeforeMethod setup -->
  <testcase name="verifycompanytest" time="0.059" classname="com.freecrm.qa.test.Companytest">
    <skipped/>
  </testcase> <!-- verifycompanytest -->
  <testcase name="verifycompanytest" time="0.0" classname="com.freecrm.qa.test.Companytest">
    <skipped/>
  </testcase> <!-- verifycompanytest -->
  <testcase name="verifycompanytest" time="0.0" classname="com.freecrm.qa.test.Companytest">
    <skipped/>
  </testcase> <!-- verifycompanytest -->
  <testcase name="verifycompanytest" time="0.0" classname="com.freecrm.qa.test.Companytest">
    <skipped/>
  </testcase> <!-- verifycompanytest -->
  <testcase name="verifycompanytest" time="0.0" classname="com.freecrm.qa.test.Companytest">
    <skipped/>
  </testcase> <!-- verifycompanytest -->
  <testcase name="verifycompanytest" time="0.0" classname="com.freecrm.qa.test.Companytest">
    <skipped/>
  </testcase> <!-- verifycompanytest -->
  <testcase name="verifycompanytest" time="0.0" classname="com.freecrm.qa.test.Companytest">
    <skipped/>
  </testcase> <!-- verifycompanytest -->
  <testcase name="verifycompanytest" time="0.0" classname="com.freecrm.qa.test.Companytest">
    <skipped/>
  </testcase> <!-- verifycompanytest -->
  <testcase name="verifycompanytest" time="0.0" classname="com.freecrm.qa.test.Companytest">
    <skipped/>
  </testcase> <!-- verifycompanytest -->
  <testcase name="verifycompanytest" time="0.0" classname="com.freecrm.qa.test.Companytest">
    <skipped/>
  </testcase> <!-- verifycompanytest -->
  <testcase name="verifycompanytest" time="0.0" classname="com.freecrm.qa.test.Companytest">
    <skipped/>
  </testcase> <!-- verifycompanytest -->
  <testcase name="verifthomepagetittletest" time="0.05" classname="com.freecrm.qa.test.Homepagetest"/>
  <testcase name="verifycorrectusernametest" time="0.632" classname="com.freecrm.qa.test.Homepagetest"/>
  <testcase name="verifycontactslink" time="3.477" classname="com.freecrm.qa.test.Homepagetest"/>
  <testcase name="verifydealslink" time="2.395" classname="com.freecrm.qa.test.Homepagetest"/>
  <testcase name="verifytasklink" time="2.573" classname="com.freecrm.qa.test.Homepagetest"/>
  <testcase name="verifycaselink" time="4.312" classname="com.freecrm.qa.test.Homepagetest"/>
  <testcase name="verifycalllink" time="3.321" classname="com.freecrm.qa.test.Homepagetest"/>
  <testcase name="verifyemaillink" time="2.206" classname="com.freecrm.qa.test.Homepagetest"/>
  <testcase name="verifytextsmslink" time="2.341" classname="com.freecrm.qa.test.Homepagetest"/>
  <testcase name="verifycampaignpage" time="2.256" classname="com.freecrm.qa.test.Homepagetest"/>
  <testcase name="verifynewcompanytest" time="3.937" classname="com.freecrm.qa.test.Homepagetest"/>
  <testcase name="verifyncomcombinedform" time="3.055" classname="com.freecrm.qa.test.Homepagetest"/>
  <testcase name="verifycompanyfullsearchform" time="8.262" classname="com.freecrm.qa.test.Homepagetest"/>
  <testcase name="verifynewcontactform" time="4.434" classname="com.freecrm.qa.test.Homepagetest"/>
  <testcase name="verifynewcontactcombinedformlink" time="4.738" classname="com.freecrm.qa.test.Homepagetest"/>
  <testcase name="verifynewcontactfullsearchformlink" time="3.623" classname="com.freecrm.qa.test.Homepagetest"/>
  <testcase name="verifynewdealslink" time="4.362" classname="com.freecrm.qa.test.Homepagetest"/>
  <testcase name="verifyproductpage" time="2.311" classname="com.freecrm.qa.test.Homepagetest"/>
  <testcase name="verifydealfullsearchform" time="2.978" classname="com.freecrm.qa.test.Homepagetest"/>
  <testcase name="verifynewtaskform" time="5.996" classname="com.freecrm.qa.test.Homepagetest"/>
  <testcase name="verifynewtaskfullsearch" time="4.502" classname="com.freecrm.qa.test.Homepagetest"/>
  <testcase name="verifynewcaselink" time="4.682" classname="com.freecrm.qa.test.Homepagetest"/>
  <testcase name="verifycasefullsearch" time="2.888" classname="com.freecrm.qa.test.Homepagetest"/>
  <testcase name="verifynewcallpagetest" time="4.767" classname="com.freecrm.qa.test.Homepagetest"/>
  <testcase name="verifycallscriptpage" time="5.017" classname="com.freecrm.qa.test.Homepagetest"/>
  <testcase name="verifycalllistpage" time="3.604" classname="com.freecrm.qa.test.Homepagetest"/>
  <testcase name="verifynewemailcampaign" time="0.0" classname="com.freecrm.qa.test.Homepagetest">
    <skipped/>
  </testcase> <!-- verifynewemailcampaign -->
  <testcase name="verifyemailaccount" time="0.0" classname="com.freecrm.qa.test.Homepagetest">
    <skipped/>
  </testcase> <!-- verifyemailaccount -->
  <testcase name="verifycustomizemaillink" time="0.0" classname="com.freecrm.qa.test.Homepagetest">
    <skipped/>
  </testcase> <!-- verifycustomizemaillink -->
  <testcase name="verifymailsignature" time="0.0" classname="com.freecrm.qa.test.Homepagetest">
    <skipped/>
  </testcase> <!-- verifymailsignature -->
  <testcase name="verifytextsmscampaign" time="0.0" classname="com.freecrm.qa.test.Homepagetest">
    <skipped/>
  </testcase> <!-- verifytextsmscampaign -->
  <testcase name="verifytextsmatemplate" time="0.0" classname="com.freecrm.qa.test.Homepagetest">
    <skipped/>
  </testcase> <!-- verifytextsmatemplate -->
  <testcase name="verifytextsmscredits" time="0.0" classname="com.freecrm.qa.test.Homepagetest">
    <skipped/>
  </testcase> <!-- verifytextsmscredits -->
</testsuite> <!-- Free CRM App Test cases -->
